TN:
SF:lib/module.js
FN:3,(anonymous_1)
FN:13,(anonymous_2)
FN:24,(anonymous_3)
FN:34,(anonymous_4)
FN:47,(anonymous_5)
FN:57,(anonymous_6)
FN:63,(anonymous_7)
FN:66,(anonymous_8)
FN:82,(anonymous_9)
FN:101,(anonymous_10)
FN:104,(anonymous_11)
FN:119,(anonymous_12)
FN:134,(anonymous_13)
FN:137,(anonymous_14)
FN:145,(anonymous_15)
FN:148,(anonymous_16)
FN:151,(anonymous_17)
FNF:17
FNH:17
FNDA:10,(anonymous_1)
FNDA:6,(anonymous_2)
FNDA:7,(anonymous_3)
FNDA:8,(anonymous_4)
FNDA:3,(anonymous_5)
FNDA:2,(anonymous_6)
FNDA:1,(anonymous_7)
FNDA:1,(anonymous_8)
FNDA:5,(anonymous_9)
FNDA:2,(anonymous_10)
FNDA:2,(anonymous_11)
FNDA:2,(anonymous_12)
FNDA:2,(anonymous_13)
FNDA:4,(anonymous_14)
FNDA:4,(anonymous_15)
FNDA:2,(anonymous_16)
FNDA:2,(anonymous_17)
DA:1,1
DA:4,10
DA:5,10
DA:6,10
DA:7,10
DA:8,6
DA:9,6
DA:11,10
DA:14,6
DA:18,1
DA:20,1
DA:22,1
DA:25,7
DA:26,7
DA:27,7
DA:28,7
DA:29,8
DA:30,8
DA:32,7
DA:35,8
DA:39,8
DA:40,1
DA:45,1
DA:48,3
DA:49,3
DA:50,3
DA:51,3
DA:52,2
DA:53,2
DA:55,3
DA:58,2
DA:62,1
DA:64,1
DA:67,1
DA:68,1
DA:69,2
DA:70,2
DA:72,1
DA:76,1
DA:78,1
DA:80,1
DA:83,5
DA:84,4
DA:86,2
DA:88,1
DA:90,1
DA:96,1
DA:98,1
DA:100,1
DA:102,2
DA:105,2
DA:106,2
DA:107,1
DA:109,2
DA:113,1
DA:115,1
DA:117,1
DA:120,2
DA:121,2
DA:122,2
DA:123,2
DA:124,1
DA:125,1
DA:126,1
DA:127,2
DA:128,2
DA:129,2
DA:132,2
DA:135,2
DA:136,2
DA:137,2
DA:138,4
DA:139,2
DA:141,2
DA:146,4
DA:149,2
DA:152,2
DA:153,2
LF:78
LH:78
BRDA:5,1,0,5
BRDA:5,1,1,5
BRDA:26,2,0,6
BRDA:26,2,1,1
BRDA:39,3,0,1
BRDA:39,3,1,7
BRDA:49,4,0,2
BRDA:49,4,1,1
BRDA:83,5,0,4
BRDA:83,5,1,1
BRDA:84,6,0,2
BRDA:84,6,1,1
BRDA:84,6,2,1
BRDA:106,7,0,1
BRDA:106,7,1,1
BRDA:123,8,0,1
BRDA:123,8,1,1
BRDA:138,9,0,2
BRDA:138,9,1,2
BRF:19
BRH:19
end_of_record
