TN:
SF:lib/module.js
FN:3,(anonymous_1)
FN:15,(anonymous_2)
FN:18,(anonymous_3)
FN:21,(anonymous_4)
FN:29,(anonymous_5)
FN:39,(anonymous_6)
FN:45,(anonymous_7)
FN:48,(anonymous_8)
FN:64,(anonymous_9)
FN:83,(anonymous_10)
FN:86,(anonymous_11)
FN:101,(anonymous_12)
FN:116,(anonymous_13)
FN:119,(anonymous_14)
FN:127,(anonymous_15)
FN:130,(anonymous_16)
FN:133,(anonymous_17)
FNF:17
FNH:17
FNDA:5,(anonymous_1)
FNDA:3,(anonymous_2)
FNDA:1,(anonymous_3)
FNDA:3,(anonymous_4)
FNDA:3,(anonymous_5)
FNDA:2,(anonymous_6)
FNDA:1,(anonymous_7)
FNDA:1,(anonymous_8)
FNDA:5,(anonymous_9)
FNDA:2,(anonymous_10)
FNDA:2,(anonymous_11)
FNDA:2,(anonymous_12)
FNDA:2,(anonymous_13)
FNDA:4,(anonymous_14)
FNDA:4,(anonymous_15)
FNDA:2,(anonymous_16)
FNDA:2,(anonymous_17)
DA:1,1
DA:4,5
DA:5,5
DA:6,5
DA:7,5
DA:8,5
DA:9,5
DA:10,3
DA:11,3
DA:13,5
DA:16,3
DA:19,1
DA:22,3
DA:23,3
DA:27,1
DA:30,3
DA:31,3
DA:32,3
DA:33,3
DA:34,2
DA:35,2
DA:37,3
DA:40,2
DA:44,1
DA:46,1
DA:49,1
DA:50,1
DA:51,2
DA:52,2
DA:54,1
DA:58,1
DA:60,1
DA:62,1
DA:65,5
DA:66,4
DA:68,2
DA:70,1
DA:72,1
DA:78,1
DA:80,1
DA:82,1
DA:84,2
DA:87,2
DA:88,2
DA:89,1
DA:91,2
DA:95,1
DA:97,1
DA:99,1
DA:102,2
DA:103,2
DA:104,2
DA:105,2
DA:106,1
DA:107,1
DA:108,1
DA:109,2
DA:110,2
DA:111,2
DA:114,2
DA:117,2
DA:118,2
DA:119,2
DA:120,4
DA:121,2
DA:123,2
DA:128,4
DA:131,2
DA:134,2
DA:135,2
LF:70
LH:70
BRDA:5,1,0,3
BRDA:5,1,1,2
BRDA:31,2,0,2
BRDA:31,2,1,1
BRDA:65,3,0,4
BRDA:65,3,1,1
BRDA:66,4,0,2
BRDA:66,4,1,1
BRDA:66,4,2,1
BRDA:88,5,0,1
BRDA:88,5,1,1
BRDA:105,6,0,1
BRDA:105,6,1,1
BRDA:120,7,0,2
BRDA:120,7,1,2
BRF:15
BRH:15
end_of_record
