{"lib/module.js":{"path":"lib/module.js","s":{"1":1,"2":10,"3":10,"4":10,"5":10,"6":6,"7":6,"8":10,"9":6,"10":1,"11":1,"12":1,"13":7,"14":7,"15":7,"16":7,"17":8,"18":8,"19":7,"20":8,"21":8,"22":1,"23":1,"24":3,"25":3,"26":3,"27":3,"28":2,"29":2,"30":3,"31":2,"32":1,"33":1,"34":1,"35":1,"36":2,"37":2,"38":1,"39":1,"40":1,"41":1,"42":5,"43":4,"44":2,"45":1,"46":1,"47":1,"48":1,"49":1,"50":2,"51":2,"52":2,"53":1,"54":2,"55":1,"56":1,"57":1,"58":2,"59":2,"60":2,"61":2,"62":1,"63":1,"64":1,"65":2,"66":2,"67":2,"68":2,"69":2,"70":2,"71":2,"72":4,"73":2,"74":2,"75":4,"76":2,"77":2,"78":2},"b":{"1":[5,5],"2":[6,1],"3":[1,7],"4":[2,1],"5":[4,1],"6":[2,1,1],"7":[1,1],"8":[1,1],"9":[2,2]},"f":{"1":10,"2":6,"3":7,"4":8,"5":3,"6":2,"7":1,"8":1,"9":5,"10":2,"11":2,"12":2,"13":2,"14":4,"15":4,"16":2,"17":2},"fnMap":{"1":{"name":"(anonymous_1)","line":3,"loc":{"start":{"line":3,"column":11},"end":{"line":3,"column":30}}},"2":{"name":"(anonymous_2)","line":13,"loc":{"start":{"line":13,"column":15},"end":{"line":13,"column":45}}},"3":{"name":"(anonymous_3)","line":24,"loc":{"start":{"line":24,"column":11},"end":{"line":24,"column":30}}},"4":{"name":"(anonymous_4)","line":34,"loc":{"start":{"line":34,"column":15},"end":{"line":34,"column":50}}},"5":{"name":"(anonymous_5)","line":47,"loc":{"start":{"line":47,"column":11},"end":{"line":47,"column":30}}},"6":{"name":"(anonymous_6)","line":57,"loc":{"start":{"line":57,"column":13},"end":{"line":57,"column":43}}},"7":{"name":"(anonymous_7)","line":63,"loc":{"start":{"line":63,"column":11},"end":{"line":63,"column":30}}},"8":{"name":"(anonymous_8)","line":66,"loc":{"start":{"line":66,"column":10},"end":{"line":66,"column":31}}},"9":{"name":"(anonymous_9)","line":82,"loc":{"start":{"line":82,"column":11},"end":{"line":82,"column":30}}},"10":{"name":"(anonymous_10)","line":101,"loc":{"start":{"line":101,"column":11},"end":{"line":101,"column":30}}},"11":{"name":"(anonymous_11)","line":104,"loc":{"start":{"line":104,"column":12},"end":{"line":104,"column":23}}},"12":{"name":"(anonymous_12)","line":119,"loc":{"start":{"line":119,"column":11},"end":{"line":119,"column":30}}},"13":{"name":"(anonymous_13)","line":134,"loc":{"start":{"line":134,"column":16},"end":{"line":134,"column":39}}},"14":{"name":"(anonymous_14)","line":137,"loc":{"start":{"line":137,"column":11},"end":{"line":137,"column":30}}},"15":{"name":"(anonymous_15)","line":145,"loc":{"start":{"line":145,"column":14},"end":{"line":145,"column":29}}},"16":{"name":"(anonymous_16)","line":148,"loc":{"start":{"line":148,"column":10},"end":{"line":148,"column":25}}},"17":{"name":"(anonymous_17)","line":151,"loc":{"start":{"line":151,"column":10},"end":{"line":151,"column":32}}}},"statementMap":{"1":{"start":{"line":1,"column":0},"end":{"line":16,"column":2}},"2":{"start":{"line":4,"column":4},"end":{"line":4,"column":44}},"3":{"start":{"line":5,"column":4},"end":{"line":5,"column":75}},"4":{"start":{"line":6,"column":4},"end":{"line":6,"column":18}},"5":{"start":{"line":7,"column":4},"end":{"line":10,"column":5}},"6":{"start":{"line":8,"column":6},"end":{"line":8,"column":27}},"7":{"start":{"line":9,"column":6},"end":{"line":9,"column":61}},"8":{"start":{"line":11,"column":4},"end":{"line":11,"column":20}},"9":{"start":{"line":14,"column":4},"end":{"line":14,"column":42}},"10":{"start":{"line":18,"column":0},"end":{"line":18,"column":6}},"11":{"start":{"line":20,"column":0},"end":{"line":20,"column":26}},"12":{"start":{"line":22,"column":0},"end":{"line":43,"column":2}},"13":{"start":{"line":25,"column":4},"end":{"line":25,"column":53}},"14":{"start":{"line":26,"column":4},"end":{"line":26,"column":79}},"15":{"start":{"line":27,"column":4},"end":{"line":27,"column":18}},"16":{"start":{"line":28,"column":4},"end":{"line":31,"column":5}},"17":{"start":{"line":29,"column":6},"end":{"line":29,"column":36}},"18":{"start":{"line":30,"column":6},"end":{"line":30,"column":66}},"19":{"start":{"line":32,"column":4},"end":{"line":32,"column":20}},"20":{"start":{"line":35,"column":4},"end":{"line":38,"column":7}},"21":{"start":{"line":39,"column":4},"end":{"line":41,"column":5}},"22":{"start":{"line":40,"column":6},"end":{"line":40,"column":52}},"23":{"start":{"line":45,"column":0},"end":{"line":60,"column":2}},"24":{"start":{"line":48,"column":4},"end":{"line":48,"column":45}},"25":{"start":{"line":49,"column":4},"end":{"line":49,"column":76}},"26":{"start":{"line":50,"column":4},"end":{"line":50,"column":18}},"27":{"start":{"line":51,"column":4},"end":{"line":54,"column":5}},"28":{"start":{"line":52,"column":6},"end":{"line":52,"column":28}},"29":{"start":{"line":53,"column":6},"end":{"line":53,"column":59}},"30":{"start":{"line":55,"column":4},"end":{"line":55,"column":20}},"31":{"start":{"line":58,"column":4},"end":{"line":58,"column":42}},"32":{"start":{"line":62,"column":0},"end":{"line":74,"column":2}},"33":{"start":{"line":64,"column":4},"end":{"line":64,"column":63}},"34":{"start":{"line":67,"column":4},"end":{"line":67,"column":20}},"35":{"start":{"line":68,"column":4},"end":{"line":71,"column":5}},"36":{"start":{"line":69,"column":6},"end":{"line":69,"column":31}},"37":{"start":{"line":70,"column":6},"end":{"line":70,"column":25}},"38":{"start":{"line":72,"column":4},"end":{"line":72,"column":16}},"39":{"start":{"line":76,"column":0},"end":{"line":76,"column":6}},"40":{"start":{"line":78,"column":0},"end":{"line":78,"column":26}},"41":{"start":{"line":80,"column":0},"end":{"line":94,"column":2}},"42":{"start":{"line":83,"column":4},"end":{"line":92,"column":5}},"43":{"start":{"line":84,"column":6},"end":{"line":91,"column":7}},"44":{"start":{"line":86,"column":10},"end":{"line":86,"column":69}},"45":{"start":{"line":88,"column":10},"end":{"line":88,"column":65}},"46":{"start":{"line":90,"column":10},"end":{"line":90,"column":88}},"47":{"start":{"line":96,"column":0},"end":{"line":96,"column":6}},"48":{"start":{"line":98,"column":0},"end":{"line":98,"column":26}},"49":{"start":{"line":100,"column":0},"end":{"line":111,"column":2}},"50":{"start":{"line":102,"column":4},"end":{"line":102,"column":65}},"51":{"start":{"line":105,"column":4},"end":{"line":105,"column":13}},"52":{"start":{"line":106,"column":4},"end":{"line":108,"column":5}},"53":{"start":{"line":107,"column":6},"end":{"line":107,"column":34}},"54":{"start":{"line":109,"column":4},"end":{"line":109,"column":16}},"55":{"start":{"line":113,"column":0},"end":{"line":113,"column":6}},"56":{"start":{"line":115,"column":0},"end":{"line":115,"column":26}},"57":{"start":{"line":117,"column":0},"end":{"line":155,"column":2}},"58":{"start":{"line":120,"column":4},"end":{"line":120,"column":46}},"59":{"start":{"line":121,"column":4},"end":{"line":121,"column":48}},"60":{"start":{"line":122,"column":4},"end":{"line":122,"column":48}},"61":{"start":{"line":123,"column":4},"end":{"line":131,"column":5}},"62":{"start":{"line":124,"column":6},"end":{"line":124,"column":23}},"63":{"start":{"line":125,"column":6},"end":{"line":125,"column":46}},"64":{"start":{"line":126,"column":6},"end":{"line":130,"column":7}},"65":{"start":{"line":127,"column":8},"end":{"line":127,"column":34}},"66":{"start":{"line":128,"column":8},"end":{"line":128,"column":59}},"67":{"start":{"line":129,"column":8},"end":{"line":129,"column":65}},"68":{"start":{"line":132,"column":4},"end":{"line":132,"column":16}},"69":{"start":{"line":135,"column":4},"end":{"line":135,"column":20}},"70":{"start":{"line":136,"column":4},"end":{"line":136,"column":48}},"71":{"start":{"line":137,"column":4},"end":{"line":143,"column":6}},"72":{"start":{"line":138,"column":6},"end":{"line":142,"column":7}},"73":{"start":{"line":139,"column":8},"end":{"line":139,"column":33}},"74":{"start":{"line":141,"column":8},"end":{"line":141,"column":44}},"75":{"start":{"line":146,"column":4},"end":{"line":146,"column":22}},"76":{"start":{"line":149,"column":4},"end":{"line":149,"column":28}},"77":{"start":{"line":152,"column":4},"end":{"line":152,"column":29}},"78":{"start":{"line":153,"column":4},"end":{"line":153,"column":16}}},"branchMap":{"1":{"line":5,"type":"cond-expr","locations":[{"start":{"line":5,"column":65},"end":{"line":5,"column":69}},{"start":{"line":5,"column":72},"end":{"line":5,"column":74}}]},"2":{"line":26,"type":"cond-expr","locations":[{"start":{"line":26,"column":69},"end":{"line":26,"column":73}},{"start":{"line":26,"column":76},"end":{"line":26,"column":78}}]},"3":{"line":39,"type":"if","locations":[{"start":{"line":39,"column":4},"end":{"line":39,"column":4}},{"start":{"line":39,"column":4},"end":{"line":39,"column":4}}]},"4":{"line":49,"type":"cond-expr","locations":[{"start":{"line":49,"column":66},"end":{"line":49,"column":70}},{"start":{"line":49,"column":73},"end":{"line":49,"column":75}}]},"5":{"line":83,"type":"if","locations":[{"start":{"line":83,"column":4},"end":{"line":83,"column":4}},{"start":{"line":83,"column":4},"end":{"line":83,"column":4}}]},"6":{"line":84,"type":"switch","locations":[{"start":{"line":85,"column":8},"end":{"line":86,"column":69}},{"start":{"line":87,"column":8},"end":{"line":88,"column":65}},{"start":{"line":89,"column":8},"end":{"line":90,"column":88}}]},"7":{"line":106,"type":"if","locations":[{"start":{"line":106,"column":4},"end":{"line":106,"column":4}},{"start":{"line":106,"column":4},"end":{"line":106,"column":4}}]},"8":{"line":123,"type":"if","locations":[{"start":{"line":123,"column":4},"end":{"line":123,"column":4}},{"start":{"line":123,"column":4},"end":{"line":123,"column":4}}]},"9":{"line":138,"type":"if","locations":[{"start":{"line":138,"column":6},"end":{"line":138,"column":6}},{"start":{"line":138,"column":6},"end":{"line":138,"column":6}}]}}}}