{"lib/module.js":{"path":"lib/module.js","s":{"1":1,"2":15,"3":15,"4":15,"5":15,"6":10,"7":10,"8":15,"9":10,"10":1,"11":1,"12":1,"13":12,"14":12,"15":12,"16":12,"17":10,"18":10,"19":12,"20":10,"21":10,"22":2,"23":10,"24":2,"25":10,"26":10,"27":1,"28":2,"29":1,"30":1,"31":1,"32":1,"33":17,"34":17,"35":17,"36":17,"37":21,"38":21,"39":17,"40":21,"41":1,"42":1,"43":1,"44":4,"45":4,"46":4,"47":3,"48":5,"49":5,"50":4,"51":3,"52":1,"53":1,"54":1,"55":15,"56":9,"57":2,"58":1,"59":6,"60":1,"61":1,"62":1,"63":2,"64":2,"65":2,"66":1,"67":2,"68":1,"69":1,"70":1,"71":2,"72":2,"73":2,"74":2,"75":1,"76":1,"77":1,"78":2,"79":2,"80":2,"81":2,"82":2,"83":2,"84":2,"85":4,"86":2,"87":2,"88":4,"89":2,"90":2,"91":2},"b":{"1":[8,7],"2":[9,3],"3":[2,8],"4":[2,8],"5":[1,9],"6":[15,2],"7":[3,1],"8":[3,1],"9":[9,6],"10":[2,1,6],"11":[1,1],"12":[1,1],"13":[2,2]},"f":{"1":15,"2":10,"3":12,"4":10,"5":2,"6":1,"7":17,"8":21,"9":4,"10":4,"11":15,"12":2,"13":2,"14":2,"15":2,"16":4,"17":4,"18":2,"19":2},"fnMap":{"1":{"name":"(anonymous_1)","line":3,"loc":{"start":{"line":3,"column":11},"end":{"line":3,"column":30}}},"2":{"name":"(anonymous_2)","line":13,"loc":{"start":{"line":13,"column":15},"end":{"line":13,"column":45}}},"3":{"name":"(anonymous_3)","line":24,"loc":{"start":{"line":24,"column":11},"end":{"line":24,"column":30}}},"4":{"name":"(anonymous_4)","line":34,"loc":{"start":{"line":34,"column":15},"end":{"line":34,"column":50}}},"5":{"name":"(anonymous_5)","line":52,"loc":{"start":{"line":52,"column":28},"end":{"line":52,"column":51}}},"6":{"name":"(anonymous_6)","line":53,"loc":{"start":{"line":53,"column":11},"end":{"line":53,"column":22}}},"7":{"name":"(anonymous_7)","line":63,"loc":{"start":{"line":63,"column":11},"end":{"line":63,"column":30}}},"8":{"name":"(anonymous_8)","line":73,"loc":{"start":{"line":73,"column":13},"end":{"line":73,"column":43}}},"9":{"name":"(anonymous_9)","line":83,"loc":{"start":{"line":83,"column":11},"end":{"line":83,"column":30}}},"10":{"name":"(anonymous_10)","line":86,"loc":{"start":{"line":86,"column":10},"end":{"line":86,"column":31}}},"11":{"name":"(anonymous_11)","line":106,"loc":{"start":{"line":106,"column":11},"end":{"line":106,"column":30}}},"12":{"name":"(anonymous_12)","line":125,"loc":{"start":{"line":125,"column":11},"end":{"line":125,"column":30}}},"13":{"name":"(anonymous_13)","line":128,"loc":{"start":{"line":128,"column":12},"end":{"line":128,"column":23}}},"14":{"name":"(anonymous_14)","line":143,"loc":{"start":{"line":143,"column":11},"end":{"line":143,"column":30}}},"15":{"name":"(anonymous_15)","line":158,"loc":{"start":{"line":158,"column":16},"end":{"line":158,"column":39}}},"16":{"name":"(anonymous_16)","line":161,"loc":{"start":{"line":161,"column":11},"end":{"line":161,"column":30}}},"17":{"name":"(anonymous_17)","line":169,"loc":{"start":{"line":169,"column":14},"end":{"line":169,"column":29}}},"18":{"name":"(anonymous_18)","line":172,"loc":{"start":{"line":172,"column":10},"end":{"line":172,"column":25}}},"19":{"name":"(anonymous_19)","line":175,"loc":{"start":{"line":175,"column":10},"end":{"line":175,"column":32}}}},"statementMap":{"1":{"start":{"line":1,"column":0},"end":{"line":16,"column":2}},"2":{"start":{"line":4,"column":4},"end":{"line":4,"column":44}},"3":{"start":{"line":5,"column":4},"end":{"line":5,"column":75}},"4":{"start":{"line":6,"column":4},"end":{"line":6,"column":18}},"5":{"start":{"line":7,"column":4},"end":{"line":10,"column":5}},"6":{"start":{"line":8,"column":6},"end":{"line":8,"column":27}},"7":{"start":{"line":9,"column":6},"end":{"line":9,"column":61}},"8":{"start":{"line":11,"column":4},"end":{"line":11,"column":20}},"9":{"start":{"line":14,"column":4},"end":{"line":14,"column":42}},"10":{"start":{"line":18,"column":0},"end":{"line":18,"column":6}},"11":{"start":{"line":20,"column":0},"end":{"line":20,"column":26}},"12":{"start":{"line":22,"column":0},"end":{"line":59,"column":2}},"13":{"start":{"line":25,"column":4},"end":{"line":25,"column":53}},"14":{"start":{"line":26,"column":4},"end":{"line":26,"column":79}},"15":{"start":{"line":27,"column":4},"end":{"line":27,"column":18}},"16":{"start":{"line":28,"column":4},"end":{"line":31,"column":5}},"17":{"start":{"line":29,"column":6},"end":{"line":29,"column":36}},"18":{"start":{"line":30,"column":6},"end":{"line":30,"column":66}},"19":{"start":{"line":32,"column":4},"end":{"line":32,"column":20}},"20":{"start":{"line":35,"column":4},"end":{"line":35,"column":34}},"21":{"start":{"line":36,"column":4},"end":{"line":40,"column":5}},"22":{"start":{"line":37,"column":6},"end":{"line":39,"column":8}},"23":{"start":{"line":41,"column":4},"end":{"line":43,"column":5}},"24":{"start":{"line":42,"column":6},"end":{"line":42,"column":59}},"25":{"start":{"line":44,"column":4},"end":{"line":47,"column":7}},"26":{"start":{"line":48,"column":4},"end":{"line":50,"column":5}},"27":{"start":{"line":49,"column":6},"end":{"line":49,"column":52}},"28":{"start":{"line":53,"column":4},"end":{"line":57,"column":6}},"29":{"start":{"line":54,"column":6},"end":{"line":54,"column":20}},"30":{"start":{"line":55,"column":6},"end":{"line":55,"column":45}},"31":{"start":{"line":56,"column":6},"end":{"line":56,"column":99}},"32":{"start":{"line":61,"column":0},"end":{"line":76,"column":2}},"33":{"start":{"line":64,"column":4},"end":{"line":64,"column":45}},"34":{"start":{"line":65,"column":4},"end":{"line":65,"column":76}},"35":{"start":{"line":66,"column":4},"end":{"line":66,"column":18}},"36":{"start":{"line":67,"column":4},"end":{"line":70,"column":5}},"37":{"start":{"line":68,"column":6},"end":{"line":68,"column":28}},"38":{"start":{"line":69,"column":6},"end":{"line":69,"column":59}},"39":{"start":{"line":71,"column":4},"end":{"line":71,"column":20}},"40":{"start":{"line":74,"column":4},"end":{"line":74,"column":42}},"41":{"start":{"line":78,"column":0},"end":{"line":78,"column":6}},"42":{"start":{"line":80,"column":0},"end":{"line":80,"column":26}},"43":{"start":{"line":82,"column":0},"end":{"line":98,"column":2}},"44":{"start":{"line":84,"column":4},"end":{"line":84,"column":63}},"45":{"start":{"line":87,"column":4},"end":{"line":87,"column":20}},"46":{"start":{"line":88,"column":4},"end":{"line":93,"column":5}},"47":{"start":{"line":89,"column":6},"end":{"line":92,"column":7}},"48":{"start":{"line":90,"column":8},"end":{"line":90,"column":33}},"49":{"start":{"line":91,"column":8},"end":{"line":91,"column":27}},"50":{"start":{"line":94,"column":4},"end":{"line":96,"column":5}},"51":{"start":{"line":95,"column":6},"end":{"line":95,"column":46}},"52":{"start":{"line":100,"column":0},"end":{"line":100,"column":6}},"53":{"start":{"line":102,"column":0},"end":{"line":102,"column":26}},"54":{"start":{"line":104,"column":0},"end":{"line":118,"column":2}},"55":{"start":{"line":107,"column":4},"end":{"line":116,"column":5}},"56":{"start":{"line":108,"column":6},"end":{"line":115,"column":7}},"57":{"start":{"line":110,"column":10},"end":{"line":110,"column":69}},"58":{"start":{"line":112,"column":10},"end":{"line":112,"column":65}},"59":{"start":{"line":114,"column":10},"end":{"line":114,"column":88}},"60":{"start":{"line":120,"column":0},"end":{"line":120,"column":6}},"61":{"start":{"line":122,"column":0},"end":{"line":122,"column":26}},"62":{"start":{"line":124,"column":0},"end":{"line":135,"column":2}},"63":{"start":{"line":126,"column":4},"end":{"line":126,"column":65}},"64":{"start":{"line":129,"column":4},"end":{"line":129,"column":13}},"65":{"start":{"line":130,"column":4},"end":{"line":132,"column":5}},"66":{"start":{"line":131,"column":6},"end":{"line":131,"column":34}},"67":{"start":{"line":133,"column":4},"end":{"line":133,"column":16}},"68":{"start":{"line":137,"column":0},"end":{"line":137,"column":6}},"69":{"start":{"line":139,"column":0},"end":{"line":139,"column":26}},"70":{"start":{"line":141,"column":0},"end":{"line":179,"column":2}},"71":{"start":{"line":144,"column":4},"end":{"line":144,"column":46}},"72":{"start":{"line":145,"column":4},"end":{"line":145,"column":48}},"73":{"start":{"line":146,"column":4},"end":{"line":146,"column":48}},"74":{"start":{"line":147,"column":4},"end":{"line":155,"column":5}},"75":{"start":{"line":148,"column":6},"end":{"line":148,"column":23}},"76":{"start":{"line":149,"column":6},"end":{"line":149,"column":46}},"77":{"start":{"line":150,"column":6},"end":{"line":154,"column":7}},"78":{"start":{"line":151,"column":8},"end":{"line":151,"column":34}},"79":{"start":{"line":152,"column":8},"end":{"line":152,"column":59}},"80":{"start":{"line":153,"column":8},"end":{"line":153,"column":65}},"81":{"start":{"line":156,"column":4},"end":{"line":156,"column":16}},"82":{"start":{"line":159,"column":4},"end":{"line":159,"column":20}},"83":{"start":{"line":160,"column":4},"end":{"line":160,"column":48}},"84":{"start":{"line":161,"column":4},"end":{"line":167,"column":6}},"85":{"start":{"line":162,"column":6},"end":{"line":166,"column":7}},"86":{"start":{"line":163,"column":8},"end":{"line":163,"column":33}},"87":{"start":{"line":165,"column":8},"end":{"line":165,"column":44}},"88":{"start":{"line":170,"column":4},"end":{"line":170,"column":22}},"89":{"start":{"line":173,"column":4},"end":{"line":173,"column":28}},"90":{"start":{"line":176,"column":4},"end":{"line":176,"column":29}},"91":{"start":{"line":177,"column":4},"end":{"line":177,"column":16}}},"branchMap":{"1":{"line":5,"type":"cond-expr","locations":[{"start":{"line":5,"column":65},"end":{"line":5,"column":69}},{"start":{"line":5,"column":72},"end":{"line":5,"column":74}}]},"2":{"line":26,"type":"cond-expr","locations":[{"start":{"line":26,"column":69},"end":{"line":26,"column":73}},{"start":{"line":26,"column":76},"end":{"line":26,"column":78}}]},"3":{"line":36,"type":"if","locations":[{"start":{"line":36,"column":4},"end":{"line":36,"column":4}},{"start":{"line":36,"column":4},"end":{"line":36,"column":4}}]},"4":{"line":41,"type":"if","locations":[{"start":{"line":41,"column":4},"end":{"line":41,"column":4}},{"start":{"line":41,"column":4},"end":{"line":41,"column":4}}]},"5":{"line":48,"type":"if","locations":[{"start":{"line":48,"column":4},"end":{"line":48,"column":4}},{"start":{"line":48,"column":4},"end":{"line":48,"column":4}}]},"6":{"line":65,"type":"cond-expr","locations":[{"start":{"line":65,"column":66},"end":{"line":65,"column":70}},{"start":{"line":65,"column":73},"end":{"line":65,"column":75}}]},"7":{"line":88,"type":"if","locations":[{"start":{"line":88,"column":4},"end":{"line":88,"column":4}},{"start":{"line":88,"column":4},"end":{"line":88,"column":4}}]},"8":{"line":94,"type":"if","locations":[{"start":{"line":94,"column":4},"end":{"line":94,"column":4}},{"start":{"line":94,"column":4},"end":{"line":94,"column":4}}]},"9":{"line":107,"type":"if","locations":[{"start":{"line":107,"column":4},"end":{"line":107,"column":4}},{"start":{"line":107,"column":4},"end":{"line":107,"column":4}}]},"10":{"line":108,"type":"switch","locations":[{"start":{"line":109,"column":8},"end":{"line":110,"column":69}},{"start":{"line":111,"column":8},"end":{"line":112,"column":65}},{"start":{"line":113,"column":8},"end":{"line":114,"column":88}}]},"11":{"line":130,"type":"if","locations":[{"start":{"line":130,"column":4},"end":{"line":130,"column":4}},{"start":{"line":130,"column":4},"end":{"line":130,"column":4}}]},"12":{"line":147,"type":"if","locations":[{"start":{"line":147,"column":4},"end":{"line":147,"column":4}},{"start":{"line":147,"column":4},"end":{"line":147,"column":4}}]},"13":{"line":162,"type":"if","locations":[{"start":{"line":162,"column":6},"end":{"line":162,"column":6}},{"start":{"line":162,"column":6},"end":{"line":162,"column":6}}]}}}}